POST /user/login 200 259 - 225.291 ms
POST /user/login 200 259 - 311.334 mscl
GET /dashboard/blog/arvind@gmail.com?title=Artificial%20Inteligence 401 1574 - 4.979 mscl
GET /dashboard/blog/arvind@gmail.com?title=Artificial%20Inteligence 400 143 - 89.141 mscl
GET /dashboard/blog/arvind@gmail.com?title=Artificial%20Inteligence 400 122 - 183.178 mscl
GET /dashboard/blog/ 401 1573 - 1.496 mscl
GET /dashboard/blog/ 400 89 - 93.747 mscl
GET /dashboard/blog 400 89 - 42.831 mscl
GET /dashboard/blog 400 89 - 69.634 mscl
GET /dashboard/blog 200 582 - 132.305 mscl
GET /dashboard/blog/arvind@gmail.com?title=Artificial%20Inteligence 200 2 - 166.918 mscl
GET /dashboard/blog/arvind@gmail.com 401 1574 - 1.809 mscl
GET /dashboard/blog/arvind@gmail.com 200 2 - 229.114 mscl
GET /dashboard/blog/arvind@gmail.com 400 118 - 75.628 mscl
GET /dashboard/blog/arvind@gmail.com?title=Artificial%20Inteligence 400 118 - 56.690 mscl
POST /dashboard/blog 404 1548 - 7.208 mscl
POST /dashboard/blog/add 201 299 - 189.439 mscl
GET /dashboard/blog 200 882 - 575.305 mscl
GET /dashboard/blog/arvind@gmail.com?title=Artificial%20Inteligence 400 118 - 60.746 mscl
GET /dashboard/blog/arvind@gmail.com 400 118 - 79.092 mscl
GET /dashboard/blog/arvind@gmail.com 400 118 - 41.283 mscl
GET /dashboard/blog/arvind@gmail.com 400 118 - 80.338 mscl
GET /dashboard/blog/arvind@gmail.com 400 118 - 72.577 mscl
GET /dashboard/blog/arvind@gmail.com 400 118 - 522.381 mscl
GET /dashboard/blog/arvind@gmail.com 400 118 - 75.510 mscl
GET /dashboard/blog/arvind@gmail.com 400 118 - 88.967 mscl
GET /dashboard/blog/arvind@gmail.com 400 118 - 75.572 mscl
GET /dashboard/blog/arvind@gmail.com 400 118 - 75.775 mscl
GET /dashboard/blog/arvind@gmail.com 200 301 - 292.707 mscl
GET /dashboard/blog 200 882 - 171.218 mscl
GET /dashboard/blog/arvind@gmail.com?title=Artificial%20Inteligence 200 301 - 172.521 mscl
GET /dashboard/blog/arvind@gmail.com?title=Artificial%20Inteligence 200 301 - 187.616 mscl
GET /dashboard/blog/arvind@gmail.com?title=Artificial%20Inteligence 200 2 - 183.586 mscl
GET /dashboard/blog/arvind@gmail.com 200 301 - 189.900 mscl
DELETE /dashboard/blog/programming 200 30 - 250.755 mscl
DELETE /dashboard/blog/programming 200 30 - 237.453 mscl
DELETE /dashboard/blog/programming 200 30 - 257.051 mscl
DELETE /dashboard/blog/programming 200 30 - 215.077 mscl
DELETE /dashboard/blog/programming 200 30 - 211.867 mscl
POST /user/login 200 259 - 235.003 mscl
POST /user/login 200 259 - 345.391 mscl
POST /dashboard/blog/add 400 113 - 84.351 mscl
GET /dashboard/blog 401 1575 - 3.010 mscl
GET /dashboard/blog 200 882 - 99.854 mscl
GET /dashboard/blog/arvind@gmail.com?title=Artificial%20Inteligence 401 1566 - 1.350 mscl
GET /dashboard/blog/arvind@gmail.com?title=Artificial%20Inteligence 400 118 - 114.523 mscl
GET /dashboard/blog/arvind@gmail.com 401 1566 - 0.870 mscl
GET /dashboard/blog/arvind@gmail.com 400 118 - 121.621 mscl
GET /dashboard/blog 200 882 - 130.424 mscl
GET /dashboard/blog/arvind@gmail.com?title=Artificial%20Inteligence 400 118 - 140.790 mscl
GET /dashboard/blog/arvind@gmail.com 400 118 - 114.493 mscl
GET /dashboard/blog/arvind@gmail.com 400 118 - 144.294 mscl
GET /dashboard/blog/arvind@gmail.com 400 102 - 1393.405 mscl
GET /dashboard/blog/arvind@gmail.com 400 118 - 113.757 mscl
GET /dashboard/blog/arvind@gmail.com 400 118 - 143.912 mscl
GET /dashboard/blog/arvind@gmail.com 400 118 - 390.818 mscl
GET /dashboard/blog/arvind@gmail.com 200 301 - 205.501 mscl
GET /dashboard/blog/arvind@gmail.com 200 301 - 225.204 mscl
GET /dashboard/blog/arvind@gmail.com?title=Artificial%20Inteligence 200 2 - 133.338 mscl
GET /dashboard/blog/arvind@gmail.com 200 301 - 178.114 mscl
GET /dashboard/blog/arvind@gmail.com?title=Database%20Management%20System 200 301 - 172.718 mscl
DELETE /dashboard/blog/programming 401 1566 - 1.811 mscl
DELETE /dashboard/blog/programming 401 1566 - 0.692 mscl
DELETE /dashboard/blog/programming 400 112 - 46.122 mscl
POST /admin/login 200 291 - 212.684 mscl
DELETE /dashboard/blog/programming 400 112 - 56.721 mscl
POST /user/register 400 104 - 113.865 mscl
POST /user/register 400 104 - 91.373 mscl
POST /user/register 400 105 - 72.362 mscl
POST /user/register 400 106 - 83.247 mscl
POST /user/register 500 22 - 240.012 mscl
POST /user/register 400 107 - 82.302 mscl
POST /user/register 500 12 - 230.259 mscl
POST /user/register 400 108 - 57.941 mscl
POST /user/register 400 108 - 57.540 mscl
POST /user/register 400 108 - 54.753 mscl
POST /user/register 500 12 - 195.558 mscl
POST /user/register 400 109 - 88.254 mscl
POST /user/register 500 2 - 217.962 mscl
POST /user/register 400 110 - 84.570 mscl
POST /user/register 201 277 - 235.896 mscl
POST /user/register 201 270 - 262.261 mscl
POST /dashboard/blog/add 400 113 - 58.879 mscl
GET /dashboard/blog 200 882 - 113.099 mscl
GET /dashboard/blog/arvind@gmail.com?title=Database%20Management%20System 200 301 - 152.321 mscl
DELETE /dashboard/blog/programming 400 112 - 69.891 mscl
POST /dashboard/blog/add 400 98 - 101.092 mscl
POST /dashboard/blog/add 400 98 - 65.315 mscl
POST /dashboard/blog/add 400 98 - 158.757 mscl
GET /dashboard/blog 200 882 - 90.464 mscl
GET /dashboard/blog/arvind@gmail.com?title=Database%20Management%20System 200 301 - 169.098 mscl
GET /dashboard/blog/arvind@gmail.com 200 301 - 177.818 mscl
DELETE /dashboard/blog/programming 400 112 - 113.360 mscl
POST /dashboard/blog/add 400 98 - 122.968 mscl
POST /dashboard/blog/add 400 98 - 77.095 mscl
POST /dashboard/blog/add 400 98 - 84.513 mscl
POST /dashboard/blog/add 400 98 - 177.504 mscl
POST /dashboard/blog/add 400 98 - 161.666 mscl
POST /dashboard/blog/add 400 98 - 158.336 mscl
POST /dashboard/blog/add 400 98 - 143.356 mscl
POST /user/login - - - - mscl
POST /user/login 200 272 - 175.814 mscl
POST /user/login 200 140 - 143.171 mscl
POST /user/login 200 140 - 155.054 mscl
POST /user/login 200 140 - 143.924 mscl
POST /user/login 200 140 - 156.956 mscl
POST /user/login 200 140 - 152.024 mscl
POST /user/login 200 140 - 156.463 mscl
POST /user/login 500 12 - 164.917 mscl
POST /user/login 500 12 - 182.690 mscl
POST /user/login 500 2 - 527.775 mscl
POST /user/login 500 12 - 143.436 mscl
POST /user/login 500 12 - 501.589 mscl
POST /user/login 500 12 - 201.390 mscl
POST /user/login 500 12 - 137.972 mscl
POST /user/login 500 12 - 1318.885 mscl
POST /user/login 500 12 - 175.232 mscl
POST /user/login 500 12 - 162.337 mscl
POST /user/login 500 12 - 135.747 mscl
POST /user/login 200 140 - 149.344 mscl
POST /user/login 200 140 - 120.609 mscl
POST /user/login 200 140 - 145.090 mscl
POST /user/login 200 140 - 148.382 mscl
POST /user/login 200 272 - 874.413 mscl
POST /user/login 200 140 - 175.283 mscl
POST /user/login 500 12 - 145.096 mscl
POST /user/login 500 12 - 118.010 mscl
POST /user/login 500 12 - 92.773 mscl
POST /user/login 200 140 - 150.721 mscl
POST /user/login 500 12 - 131.885 mscl
POST /user/login 200 259 - 643.909 mscl
POST /user/login 200 259 - 116.767 mscl
POST /user/login 200 259 - 263.177 mscl
POST /user/login 500 12 - 143.344 mscl
POST /user/login 500 12 - 136.774 mscl
POST /user/login 500 12 - 128.884 mscl
POST /user/login 500 12 - 130.326 mscl
POST /user/login 500 12 - 212.196 mscl
POST /user/login 200 292 - 147.302 mscl
POST /user/login 500 12 - 184.887 mscl
POST /user/login 500 12 - 181.838 mscl
POST /user/login 500 12 - 143.427 mscl
POST /user/login 200 292 - 265.539 mscl
POST /user/login 200 292 - 194.335 mscl
POST /user/login 400 37 - 224.209 mscl
POST /user/login 200 292 - 207.562 mscl
POST /user/register 400 104 - 48.404 mscl
POST /user/login 200 292 - 217.386 mscl
POST /user/login 200 292 - 266.767 mscl
POST /user/login 200 292 - 221.563 mscl
POST /user/login 200 292 - 243.035 mscl
POST /dashboard/blog/add 201 284 - 249.486 mscl
POST /dashboard/blog/add 400 98 - 97.482 mscl
GET /dashboard/blog 500 12 - 68.939 mscl
GET /dashboard/blog 500 12 - 77.949 mscl
GET /dashboard/blog 500 12 - 59.220 mscl
GET /dashboard/blog 500 12 - 68.182 mscl
GET /dashboard/blog 200 1167 - 138.868 mscl
GET /dashboard/blog/arvind@gmail.com?title=Database%20Management%20System 200 301 - 182.208 mscl
GET /dashboard/blog/arvind@gmail.com?title= 200 586 - 149.852 mscl
GET /dashboard/blog/arvind@gmail.com 200 586 - 184.796 mscl
POST /dashboard/blog/add 400 98 - 174.148 mscl
POST /dashboard/blog/add 400 119 - 187.831 mscl
POST /dashboard/blog/add 201 297 - 303.422 mscl
POST /dashboard/blog/add 400 111 - 92.248 mscl
GET /dashboard/blog 200 2068 - 138.206 mscl
DELETE /dashboard/blog/Programming%20is%20not%20hadrd 500 12 - 156.741 mscl
GET /dashboard/blog 200 2068 - 94.867 mscl
GET /dashboard/blog 200 2068 - 116.260 mscl
DELETE /dashboard/blog/Programming%20is%20not%20hadrd 500 12 - 231.702 mscl
DELETE /dashboard/blog/Programming%20is%20not%20hadrd 500 12 - 491.943 mscl
DELETE /dashboard/blog/Programming%20is%20not%20hadrd 500 12 - 138.174 mscl
DELETE /dashboard/blog/Programming%20is%20not%20hadrd 500 12 - 106.054 mscl
GET /dashboard/blog 200 2068 - 144.598 mscl
DELETE /dashboard/blog/Programming%20is%20not%20hadrd 500 12 - 261.563 mscl
DELETE /dashboard/blog/Programming%20is%20not%20hadrd 400 125 - 94.964 mscl
GET /dashboard/blog 200 1770 - 149.222 mscl
DELETE /dashboard/blog/Programming%20is%20not%20hard 200 30 - 201.466 mscl
DELETE /dashboard/blog/Programming%20is%20not%20hard 400 124 - 91.949 mscl
DELETE /dashboard/blog/Programming%20is%20not%20easy%20not%20hard 500 32 - 379.538 mscl
DELETE /dashboard/blog/Programming%20is%20not%20easy%20not%20hard 400 133 - 117.659 mscl
GET /dashboard/blog 200 1167 - 115.394 mscl
DELETE /dashboard/blog/Programming%20 400 113 - 90.011 mscl
DELETE /dashboard/blog/Programming 200 30 - 250.495 mscl
PUT /dashboard/blog/update 400 90 - 128.949 mscl
GET /dashboard/blog/arvind@gmail.com?title=Database%20Management%20System 200 301 - 194.870 mscl
GET /dashboard/blog 200 882 - 133.139 mscl
GET /dashboard/blog 200 882 - 123.471 mscl
PUT /dashboard/blog/update 404 1562 - 9.311 mscl
PUT /dashboard/blog/update/ 404 1564 - 10.377 mscl
PUT /dashboard/blog/update/d 400 90 - 147.558 mscl
PUT /dashboard/blog/update/sfasff 400 150 - 161.750 mscl
PUT /dashboard/blog/update/61ed9aa41e0e1631f87d223b 400 150 - 105.644 mscl
PUT /dashboard/blog/update/61ed9aa41e0e1631f87d223b 400 144 - 160.701 mscl
PUT /dashboard/blog/update/61ed9aa41e0e1631f87d223b 400 122 - 329.591 mscl
PUT /dashboard/blog/update/61ed9aa41e0e1631f87d223k 400 216 - 95.286 mscl
PUT /dashboard/blog/update/61ed9aa41e0e1631f87d223w 400 216 - 107.407 mscl
PUT /dashboard/blog/update/61ed9aa41e0e1631f87d223b 400 122 - 83.800 mscl
PUT /dashboard/blog/update/61ef75b94f616b80e7592950 400 122 - 89.482 mscl
PUT /dashboard/blog/update/61ef75b94f616b80e7592957 400 122 - 111.918 mscl
PUT /dashboard/blog/update/61ef75b94f616b80e7592950 400 122 - 118.548 mscl
PUT /dashboard/blog/update/61ef75b94f616b80e759295d 400 122 - 78.763 mscl
PUT /dashboard/blog/update/61ef75b94f616b80e759295dd 400 218 - 115.730 mscl
PUT /dashboard/blog/update/61ef75b94f616b80e7592950 400 122 - 130.732 mscl
PUT /dashboard/blog/update/61ef75b94f616b80e7592950 500 32 - 246.424 mscl
PUT /dashboard/blog/update/61ef75b94f616b80e759295d 400 122 - 95.335 mscl
PUT /dashboard/blog/update/61ef75b94f616b80e7592950 500 32 - 163.331 mscl
PUT /dashboard/blog/update/61ef75b94f616b80e7592950 500 32 - 333.181 mscl
GET /dashboard/blog 200 882 - 134.803 mscl
PUT /dashboard/blog/update/61ef75b94f616b80e7592950 201 289 - 314.679 mscl
PUT /dashboard/blog/update/61ef75b94f616b80e7592950 201 293 - 209.411 mscl
PUT /dashboard/blog/update/61ef75b94f616b80e7592950 201 293 - 284.004 mscl
POST /user/register 400 104 - 101.070 mscl
POST /user/login 200 292 - 286.944 mscl
POST /user/register 201 262 - 251.111 mscl
POST /user/login 400 37 - 235.993 mscl
POST /user/login 400 37 - 215.374 mscl
POST /user/login 400 37 - 270.663 mscl
POST /user/login 200 292 - 178.663 mscl
POST /user/login 200 292 - 743.378 mscl
POST /user/login 200 292 - 201.429 mscl
POST /user/login 200 292 - 215.068 mscl
POST /user/login 400 37 - 199.104 mscl
POST /user/login 200 292 - 242.590 mscl
POST /user/login 200 292 - 250.483 mscl
POST /user/login 400 37 - 228.245 mscl
POST /user/login 200 292 - 242.133 mscl
DELETE /dashboard/blog/Programming 400 112 - 129.146 mscl
DELETE /dashboard/blog/Programming 400 112 - 135.368 mscl
POST /user/register 500 1802 - 164.198 mscl
POST /user/register 500 1802 - 342.276 mscl
POST /user/register 500 1802 - 107.535 mscl
POST /user/register 500 1802 - 122.938 mscl
POST /user/register 500 903 - 111.958 mscl
POST /user/register 400 103 - 646.594 mscl
POST /user/register 400 101 - 292.972 mscl
POST /user/register 201 263 - 336.292 mscl
POST /user/login 200 292 - 261.136 mscl
POST /user/login 400 37 - 220.593 mscl
POST /user/login 200 292 - 311.028 mscl
POST /dashboard/blog/add 400 111 - 130.553 mscl
DELETE /dashboard/blog/Programming 400 112 - 156.599 mscl
GET /dashboard/blog 500 421 - 263.809 mscl
GET /dashboard/blog 500 421 - 69.436 mscl
GET /dashboard/blog 500 421 - 77.129 mscl
GET /dashboard/blog 500 421 - 111.974 mscl
GET /dashboard/blog 500 421 - 99.497 mscl
GET /dashboard/blog 500 421 - 113.379 mscl
GET /dashboard/blog 500 421 - 86.029 mscl
GET /dashboard/blog 500 421 - 89.861 mscl
GET /dashboard/blog 500 421 - 112.178 mscl
GET /dashboard/blog 500 421 - 78.626 mscl
GET /dashboard/blog 500 421 - 82.875 mscl
GET /dashboard/blog 500 421 - 150.091 mscl
GET /dashboard/blog 500 421 - 135.384 mscl
GET /dashboard/blog 200 1174 - 128.914 mscl
GET /dashboard/blog 200 - - 99.937 mscl
GET /dashboard/blog 200 - - 91.036 mscl
GET /dashboard/blog 200 - - 89.110 mscl
GET /dashboard/blog 200 - - 85.514 mscl
GET /dashboard/blog 200 - - 158.550 mscl
GET /dashboard/blog 200 - - 128.218 mscl
GET /dashboard/blog 200 2 - 246.471 mscl
GET /dashboard/blog 200 - - 2951.605 mscl
GET /dashboard/blog 200 - - 114.401 mscl
GET /dashboard/blog 200 - - 163.275 mscl
GET /dashboard/blog 200 - - 198.006 mscl
GET /dashboard/blog 200 - - 813.460 mscl
GET /dashboard/blog 200 1174 - 211.517 mscl
GET /dashboard/blog 200 1174 - 292.042 mscl
GET /dashboard/blog/arvind@gmail.com?title=Database%20Management%20System 200 2 - 248.090 mscl
GET /dashboard/blog/arvind@gmail.com?title=Database%20Management%20System 200 2 - 318.050 mscl
GET /dashboard/blog/arvind@gmail.com?title=Database%20Management%20System 200 2 - 277.518 mscl
GET /dashboard/blog/arvind@gmail.com?title=Database%20Management%20System 200 2 - 302.283 mscl
GET /dashboard/blog/arvind@gmail.com?title=Database%20Management%20System 200 2 - 806.559 mscl
GET /dashboard/blog 200 1174 - 181.660 mscl
GET /dashboard/blog 200 1174 - 192.131 mscl
GET /dashboard/blog/arvind@gmail.com?title=Database%20Management%20System 200 2 - 217.411 mscl
GET /dashboard/blog/arvind@gmail.com?title=Database%20Management%20System 400 32 - 317.830 mscl
GET /dashboard/blog/arvind@gmail.com?title=Data%20Mining%20with%20Python%20new 200 295 - 272.345 mscl
GET /dashboard/blog/arvind@gmail.com 200 593 - 261.061 mscl
GET /dashboard/blog/jon@gmail.com 400 115 - 181.284 mscl
PUT /dashboard/blog/update/61ef75b94f616b80e7592950 201 293 - 345.646 mscl
DELETE /dashboard/blog/Programming 400 112 - 169.345 mscl
POST /dashboard/blog/add 400 111 - 216.025 mscl
POST /dashboard/blog/add 201 296 - 346.835 mscl
POST /dashboard/blog/add 400 110 - 124.603 mscl
PUT /dashboard/blog/update/61ef75b94f616b80e7592950 201 309 - 415.853 mscl
DELETE /dashboard/blog/Programming 400 112 - 185.377 mscl
DELETE /dashboard/blog/Programming%20is%20not%20hard 500 14 - 351.837 mscl
DELETE /dashboard/blog/Programming%20is%20not%20hard 400 124 - 154.671 mscl
POST /dashboard/blog/add 201 296 - 385.545 mscl
DELETE /dashboard/blog/Programming%20is%20not%20hard 500 14 - 355.169 mscl
POST /dashboard/blog/add 201 296 - 332.281 mscl
DELETE /dashboard/blog/Programming%20is%20not%20hard 500 14 - 533.823 mscl
DELETE /dashboard/blog/Programming%20is%20not%20hard 400 124 - 163.903 mscl
POST /dashboard/blog/add 201 296 - 295.906 mscl
DELETE /dashboard/blog/Programming%20is%20not%20hard 200 30 - 284.157 mscl
POST /user/register 400 101 - 80.773 mscl
POST /user/register 201 160 - 100.236 mscl
POST /user/register 400 101 - 74.721 mscl
POST /user/register 400 102 - 20.524 mscl
POST /user/register 400 102 - 4.401 mscl
POST /user/register 400 102 - 4.214 mscl
POST /user/register 400 102 - 4.095 mscl
POST /user/register 400 102 - 69.426 mscl
POST /user/register 400 102 - 73.507 mscl
POST /user/register 400 102 - 73.849 mscl
POST /user/register 400 102 - 73.767 mscl
POST /user/register 400 102 - 79.557 mscl
POST /user/register 400 102 - 9.708 mscl
POST /user/register 400 102 - 73.678 mscl
POST /user/register 400 102 - 73.642 mscl
POST /user/register 400 102 - 69.515 mscl
POST /user/register 400 102 - 68.610 mscl
POST /user/register 400 102 - 82.244 mscl
POST /user/register 400 166 - 82.287 mscl
POST /user/register 400 102 - 19.356 mscl
POST /user/register 400 102 - 94.711 mscl
POST /user/register 400 102 - 75.529 mscl
POST /user/register 400 102 - 86.575 mscl
POST /user/register 400 102 - 92.429 mscl
POST /user/register 400 101 - 79.654 mscl
POST /user/register 400 101 - 98.425 mscl
POST /user/register 201 163 - 31.399 mscl
POST /user/register 201 163 - 11.478 mscl
POST /user/register 201 163 - 101.780 mscl
POST /user/register 400 102 - 142.799 mscl
POST /user/register 400 102 - 87.051 mscl
POST /user/register 400 102 - 19.566 mscl
POST /user/register 400 102 - 75.410 mscl
POST /user/register 400 102 - 99.004 mscl
POST /user/register 400 102 - 81.755 mscl
POST /user/register 400 102 - 75.977 mscl
POST /user/register 400 102 - 73.835 mscl
POST /user/register 400 102 - 14.041 mscl
POST /user/register 400 102 - 72.369 mscl
POST /user/register 201 164 - 30.637 mscl
POST /user/register 400 103 - 7.458 mscl
POST /user/login 400 104 - 69.190 mscl
POST /user/register 201 163 - 84.264 mscl
POST /user/login 400 37 - 75.611 mscl
POST /user/login 400 37 - 20.162 mscl
POST /user/login 400 37 - 12.945 mscl
POST /user/login 400 37 - 107.225 mscl
POST /user/login 400 37 - 82.785 mscl
POST /user/login 400 37 - 11.113 mscl
POST /user/login 400 37 - 81.722 mscl
POST /user/login 400 37 - 78.395 mscl
POST /user/login 400 37 - 74.058 mscl
POST /user/register 201 215 - 196.890 mscl
POST /user/login 200 210 - 102.377 mscl
GET /dashboard/blog 200 2 - 115.927 mscl
GET /dashboard/blog 200 2 - 122.733 mscl
POST /dashboard/blog/add 401 1587 - 12.444 mscl
POST /dashboard/blog/add 400 110 - 57.042 mscl
POST /dashboard/blog/add 400 110 - 67.406 mscl
POST /dashboard/blog/add 400 110 - 68.418 mscl
POST /dashboard/blog/add 400 110 - 67.895 mscl
POST /user/register 400 102 - 70.833 mscl
POST /user/login 200 210 - 121.655 mscl
POST /user/login 200 210 - 193.004 mscl
POST /user/login 200 210 - 181.502 mscl
POST /user/login 200 210 - 223.988 mscl
POST /dashboard/blog/add 401 316 - 3.301 mscl
POST /dashboard/blog/add 401 332 - 15.745 mscl
POST /dashboard/blog/add 401 338 - 15.236 mscl
POST /dashboard/blog/add 401 338 - 17.578 mscl
POST /dashboard/blog/add 401 338 - 16.500 mscl
POST /user/login 200 250 - 175.235 mscl
POST /user/login 200 250 - 193.827 mscl
POST /user/login 200 250 - 185.163 mscl
POST /user/login 200 250 - 180.280 mscl
POST /user/login 200 250 - 182.949 mscl
POST /dashboard/blog/add 401 338 - 61.123 mscl
POST /dashboard/blog/add 401 338 - 62.254 mscl
POST /dashboard/blog/add 500 14 - 87.445 mscl
POST /dashboard/blog/add 400 110 - 88.347 mscl
POST /dashboard/blog/add 500 12 - 33.431 mscl
POST /dashboard/blog/add 400 110 - 87.793 mscl
POST /dashboard/blog/add 500 12 - 40.321 mscl
POST /dashboard/blog/add 400 123 - 14.109 mscl
POST /dashboard/blog/add 500 12 - 14.121 mscl
POST /dashboard/blog/add 400 124 - 71.444 mscl
POST /dashboard/blog/add 500 12 - 42.957 mscl
POST /dashboard/blog/add 400 125 - 13.879 mscl
POST /dashboard/blog/add 400 125 - 15.328 mscl
POST /dashboard/blog/add 500 12 - 17.151 mscl
POST /dashboard/blog/add 400 126 - 71.878 mscl
POST /dashboard/blog/add 500 12 - 92.612 mscl
POST /dashboard/blog/add 500 12 - 116.608 mscl
POST /dashboard/blog/add 400 130 - 68.754 mscl
POST /dashboard/blog/add 400 131 - 80.964 mscl
POST /dashboard/blog/add 500 14 - 38.850 mscl
POST /dashboard/blog/add 400 132 - 76.418 mscl
POST /dashboard/blog/add 500 14 - 31.012 mscl
POST /dashboard/blog/add 400 133 - 93.951 mscl
POST /dashboard/blog/add 201 245 - 43.393 mscl
POST /dashboard/blog/add 400 134 - 15.152 mscl
POST /dashboard/blog/add 201 246 - 23.775 mscl
POST /user/register 201 216 - 174.522 mscl
POST /user/register 400 102 - 10.087 mscl
POST /user/login 200 251 - 88.804 mscl
POST /dashboard/blog/add 201 245 - 27.670 mscl
DELETE /dashboard/blog/Programming%20 400 113 - 53.374 mscl
DELETE /dashboard/blog/Programming%20is%20ndot%20hard%20ddadeddndd%20ndotd%20ddeasy 200 30 - 70.334 mscl
GET /dashboard/blog 401 263 - 9.786 mscl
GET /dashboard/blog 200 621 - 50.179 mscl
POST /dashboard/blog/add 201 245 - 46.706 mscl
GET /dashboard/blog 200 867 - 8.099 mscl
PUT /dashboard/blog/update/61ef75b94f616b80e7592950 400 216 - 65.284 mscl
PUT /dashboard/blog/update/29 400 100 - 10.165 mscl
PUT /dashboard/blog/update/5 201 233 - 90.245 mscl
GET /dashboard/blog 200 855 - 11.577 mscl
PUT /dashboard/blog/update/5 201 233 - 81.810 mscl
PUT /dashboard/blog/update/5 201 233 - 17.486 mscl
PUT /dashboard/blog/update/3 201 252 - 23.927 mscl
GET /dashboard/blog 200 900 - 13.250 mscl
POST /dashboard/blog/add 201 245 - 76.929 mscl
GET /dashboard/blog 200 867 - 9.723 mscl
GET /dashboard/blog 200 2 - 6.788 mscl
GET /dashboard/blog 200 621 - 6.869 mscl
POST /user/register 201 215 - 275.636 mscl
POST /user/register 400 648 - 3.710 mscl
POST /user/login 400 102 - 19.881 mscl
OPTIONS /user/login 200 4 - 0.902 mscl
OPTIONS /user/login 200 4 - 0.919 mscl
OPTIONS /user/login 200 4 - 0.529 mscl
OPTIONS /user/login 200 4 - 0.795 mscl
OPTIONS /user/login 200 4 - 0.378 mscl
OPTIONS /user/login 200 4 - 0.607 mscl
OPTIONS /user/login 200 4 - 2.750 mscl
GET /user/login 404 1540 - 5.340 mscl
GET /favicon.ico 404 1570 - 1.691 mscl
GET /user/login 404 1540 - 1.543 mscl
POST /user/user/login 404 1550 - 14.349 mscl
POST /user/user/login 404 1550 - 1.916 mscl
POST /user/login 400 106 - 137.338 mscl
POST /user/login 400 106 - 9.602 mscl
POST /user/login 400 106 - 18.769 mscl
POST /user/login 400 106 - 17.762 mscl
POST /user/login 400 106 - 8.791 mscl
POST /user/login 400 106 - 13.486 mscl
POST /user/login 400 106 - 3.713 mscl
POST /user/login 400 106 - 10.367 mscl
POST /user/login 400 106 - 3.812 mscl
POST /user/login 400 106 - 3.886 mscl
POST /user/login 400 106 - 3.983 mscl
POST /user/login 400 106 - 13.594 mscl
POST /user/login 400 106 - 16.994 mscl
POST /user/login 400 106 - 75.978 mscl
POST /user/login 400 106 - 33.259 mscl
POST /user/login 400 106 - 76.857 mscl
POST /user/login 400 106 - 17.858 mscl
POST /user/login 400 106 - 13.698 mscl
POST /user/login 200 106 - 75.348 mscl
POST /user/login 200 106 - 19.386 mscl
POST /user/login 200 106 - 15.737 mscl
POST /user/login 200 106 - 22.352 mscl
POST /user/login 200 106 - 8.483 mscl
POST /user/login 200 106 - 13.076 mscl
POST /user/login 200 106 - 5.006 mscl
POST /user/login 200 106 - 10.818 mscl
POST /user/login 200 106 - 3.907 mscl
POST /user/login 200 106 - 7.029 mscl
POST /user/login 200 106 - 6.148 mscl
POST /user/login 200 106 - 8.802 mscl
POST /user/login 200 106 - 5.334 mscl
POST /user/login 200 106 - 5.782 mscl
POST /user/login 200 106 - 12.844 mscl
POST /user/login 200 106 - 6.223 mscl
POST /user/login 200 106 - 12.523 mscl
POST /user/login 200 106 - 13.549 mscl
POST /user/login 200 106 - 17.312 mscl
POST /user/register 400 286 - 10.237 mscl
POST /user/register 400 286 - 15.541 mscl
POST /user/login 200 106 - 6.120 mscl
POST /user/register 400 286 - 9.090 mscl
POST /user/register 200 380 - 88.137 mscl
POST /user/login 200 106 - 13.494 mscl
POST /user/register 200 380 - 11.404 mscl
POST /user/login 200 131 - 88.246 mscl
POST /user/login 200 131 - 20.221 mscl
POST /user/login 200 120 - 94.696 mscl
POST /user/login 200 120 - 7.670 mscl
POST /user/register 200 394 - 23.985 mscl
POST /user/register 200 394 - 14.446 mscl
POST /user/register 200 394 - 12.155 mscl
POST /user/register 200 394 - 15.934 mscl
POST /user/register 200 394 - 11.063 mscl
POST /user/register 200 394 - 12.462 mscl
POST /user/register 200 394 - 24.570 mscl
